source_data	parsed_names	cleaned_names	name_index_of_empty_result
?	parsed:	cleaned:	cleaned_index0:0
??	parsed:	cleaned:	cleaned_index0:0
AMR	parsed:	cleaned:	cleaned_index0:0
Abbé	parsed:	cleaned:	cleaned_index0:0
Allioni,M. Rev.	parsed:	cleaned:	cleaned_index0:0
American-Iranian Botanical Delegation (no. 33614)	parsed:American-Iranian Botanical Delegation	cleaned:	cleaned_index0:0
American-Iranian Botanical Delegation (no. 33634)	parsed:American-Iranian Botanical Delegation	cleaned:	cleaned_index0:0
American-Iranian Botanical Delegation (no. 33643)	parsed:American-Iranian Botanical Delegation	cleaned:	cleaned_index0:0
American-Iranian Botanical Delegation (no. 33705)	parsed:American-Iranian Botanical Delegation	cleaned:	cleaned_index0:0
American-Iranian Botanical Delegation (no. 33796)	parsed:American-Iranian Botanical Delegation	cleaned:	cleaned_index0:0
American-Iranian Botanical Delegation (no. 35308)	parsed:American-Iranian Botanical Delegation	cleaned:	cleaned_index0:0
Anderson,W.R., Stieber,M. & Kirkbride Jr.,J.H.	parsed:	cleaned:	cleaned_index0:0
Anonymous	parsed:	cleaned:	cleaned_index0:0
Anonymous (Herbarium Linnaeanum)	parsed:	cleaned:	cleaned_index0:0
Anonymous (no. +43)	parsed:	cleaned:	cleaned_index0:0
Anonymous (no. 1012)	parsed:	cleaned:	cleaned_index0:0
Anonymous (no. 107)	parsed:	cleaned:	cleaned_index0:0
Anonymous (no. 10730)	parsed:	cleaned:	cleaned_index0:0
Anonymous (no. 108)	parsed:	cleaned:	cleaned_index0:0
Anonymous (no. 109)	parsed:	cleaned:	cleaned_index0:0
Anonymous (no. 11)	parsed:	cleaned:	cleaned_index0:0
Anonymous (no. 1124)	parsed:	cleaned:	cleaned_index0:0
Anonymous (no. 113)	parsed:	cleaned:	cleaned_index0:0
Anonymous (no. 115)	parsed:	cleaned:	cleaned_index0:0
Anonymous (no. 12)	parsed:	cleaned:	cleaned_index0:0
Anonymous (no. 1215)	parsed:	cleaned:	cleaned_index0:0
Anonymous (no. 122)	parsed:	cleaned:	cleaned_index0:0
Anonymous (no. 13)	parsed:	cleaned:	cleaned_index0:0
Anonymous (no. 137)	parsed:	cleaned:	cleaned_index0:0
Anonymous (no. 139)	parsed:	cleaned:	cleaned_index0:0
Anonymous (no. 14)	parsed:	cleaned:	cleaned_index0:0
Anonymous (no. 141)	parsed:	cleaned:	cleaned_index0:0
Anonymous (no. 149)	parsed:	cleaned:	cleaned_index0:0
Anonymous (no. 153)	parsed:	cleaned:	cleaned_index0:0
Anonymous (no. 16)	parsed:	cleaned:	cleaned_index0:0
Anonymous (no. 169)	parsed:	cleaned:	cleaned_index0:0
Anonymous (no. 1698)	parsed:	cleaned:	cleaned_index0:0
Anonymous (no. 17)	parsed:	cleaned:	cleaned_index0:0
Anonymous (no. 173)	parsed:	cleaned:	cleaned_index0:0
Anonymous (no. 1824)	parsed:	cleaned:	cleaned_index0:0
Anonymous (no. 188)	parsed:	cleaned:	cleaned_index0:0
Anonymous (no. 19)	parsed:	cleaned:	cleaned_index0:0
Anonymous (no. 2)	parsed:	cleaned:	cleaned_index0:0
Anonymous (no. 20)	parsed:	cleaned:	cleaned_index0:0
Anonymous (no. 204)	parsed:	cleaned:	cleaned_index0:0
Anonymous (no. 207)	parsed:	cleaned:	cleaned_index0:0
Anonymous (no. 21)	parsed:	cleaned:	cleaned_index0:0
Anonymous (no. 21/1)	parsed:	cleaned:	cleaned_index0:0
Anonymous (no. 21/2)	parsed:	cleaned:	cleaned_index0:0
Anonymous (no. 210)	parsed:	cleaned:	cleaned_index0:0
Anonymous (no. 213)	parsed:	cleaned:	cleaned_index0:0
Anonymous (no. 224)	parsed:	cleaned:	cleaned_index0:0
Anonymous (no. 23)	parsed:	cleaned:	cleaned_index0:0
Anonymous (no. 235)	parsed:	cleaned:	cleaned_index0:0
Anonymous (no. 243)	parsed:	cleaned:	cleaned_index0:0
Anonymous (no. 26)	parsed:	cleaned:	cleaned_index0:0
Anonymous (no. 264)	parsed:	cleaned:	cleaned_index0:0
Anonymous (no. 2852)	parsed:	cleaned:	cleaned_index0:0
Anonymous (no. 287)	parsed:	cleaned:	cleaned_index0:0
Anonymous (no. 296)	parsed:	cleaned:	cleaned_index0:0
Anonymous (no. 3)	parsed:	cleaned:	cleaned_index0:0
Anonymous (no. 329)	parsed:	cleaned:	cleaned_index0:0
Anonymous (no. 3356)	parsed:	cleaned:	cleaned_index0:0
Anonymous (no. 34)	parsed:	cleaned:	cleaned_index0:0
Anonymous (no. 341)	parsed:	cleaned:	cleaned_index0:0
Anonymous (no. 3411b)	parsed:	cleaned:	cleaned_index0:0
Anonymous (no. 35)	parsed:	cleaned:	cleaned_index0:0
Anonymous (no. 354)	parsed:	cleaned:	cleaned_index0:0
Anonymous (no. 357)	parsed:	cleaned:	cleaned_index0:0
Anonymous (no. 359)	parsed:	cleaned:	cleaned_index0:0
Anonymous (no. 36)	parsed:	cleaned:	cleaned_index0:0
Anonymous (no. 37)	parsed:	cleaned:	cleaned_index0:0
Anonymous (no. 372)	parsed:	cleaned:	cleaned_index0:0
Anonymous (no. 3743)	parsed:	cleaned:	cleaned_index0:0
Anonymous (no. 377)	parsed:	cleaned:	cleaned_index0:0
Anonymous (no. 386)	parsed:	cleaned:	cleaned_index0:0
Anonymous (no. 39)	parsed:	cleaned:	cleaned_index0:0
Anonymous (no. 3927)	parsed:	cleaned:	cleaned_index0:0
Anonymous (no. 4094)	parsed:	cleaned:	cleaned_index0:0
Anonymous (no. 41)	parsed:	cleaned:	cleaned_index0:0
Anonymous (no. 413)	parsed:	cleaned:	cleaned_index0:0
Anonymous (no. 419)	parsed:	cleaned:	cleaned_index0:0
Anonymous (no. 45)	parsed:	cleaned:	cleaned_index0:0
Anonymous (no. 452)	parsed:	cleaned:	cleaned_index0:0
Anonymous (no. 470)	parsed:	cleaned:	cleaned_index0:0
Anonymous (no. 473)	parsed:	cleaned:	cleaned_index0:0
Anonymous (no. 49)	parsed:	cleaned:	cleaned_index0:0
Anonymous (no. 5)	parsed:	cleaned:	cleaned_index0:0
Anonymous (no. 542)	parsed:	cleaned:	cleaned_index0:0
Anonymous (no. 58)	parsed:	cleaned:	cleaned_index0:0
Anonymous (no. 61)	parsed:	cleaned:	cleaned_index0:0
Anonymous (no. 6111)	parsed:	cleaned:	cleaned_index0:0
Anonymous (no. 69)	parsed:	cleaned:	cleaned_index0:0
Anonymous (no. 73)	parsed:	cleaned:	cleaned_index0:0
Anonymous (no. 7338)	parsed:	cleaned:	cleaned_index0:0
Anonymous (no. 77)	parsed:	cleaned:	cleaned_index0:0
Anonymous (no. 790)	parsed:	cleaned:	cleaned_index0:0
Anonymous (no. 85)	parsed:	cleaned:	cleaned_index0:0
Anonymous (no. 87)	parsed:	cleaned:	cleaned_index0:0
Anonymous (no. 9)	parsed:	cleaned:	cleaned_index0:0
Anonymous (no. 90)	parsed:	cleaned:	cleaned_index0:0
Anonymous (no. 91)	parsed:	cleaned:	cleaned_index0:0
Anonymous (no. 92)	parsed:	cleaned:	cleaned_index0:0
Anonymous (no. 93)	parsed:	cleaned:	cleaned_index0:0
Anonymous (no. 96)	parsed:	cleaned:	cleaned_index0:0
Anonymous (no. 97)	parsed:	cleaned:	cleaned_index0:0
Anonymous (no. 9758)	parsed:	cleaned:	cleaned_index0:0
Anonymous (no. 99)	parsed:	cleaned:	cleaned_index0:0
Anonymous (no. HB 14454)	parsed:	cleaned:	cleaned_index0:0
Anonymous (no. MG10155)	parsed:	cleaned:	cleaned_index0:0
Anonymous (no. s.n.)	parsed:	cleaned:	cleaned_index0:0
Anonymous collector	parsed:	cleaned:	cleaned_index0:0
Anonymous collector & Humboldt,F.W.H.A. von	parsed:von<SEP>F.W.H.A. Humboldt	cleaned:<SEP>F.W.H.A. Humboldt	cleaned_index0:0
Anonymous collector, Till,S. & Lindner,C.	parsed:	cleaned:	cleaned_index0:0
Anonymous collectors	parsed:	cleaned:	cleaned_index0:0
Anonymous et al.	parsed:	cleaned:	cleaned_index0:0
Anonymous in Herb. Zuccarinii	parsed:	cleaned:	cleaned_index0:0
Anonymous in Herb. Zuxccarinii	parsed:	cleaned:	cleaned_index0:0
Anonymous in Herb. Zwackh	parsed:	cleaned:	cleaned_index0:0
Anonymus use Anonymous collector --> ID 42	parsed:Anonymus use ID	cleaned:	cleaned_index0:0
Ariste,Bro.	parsed:	cleaned:	cleaned_index0:0
Benavides de, O.	parsed:	cleaned:	cleaned_index0:0
Bieberstein,F.A. Marschall v.	parsed:F.A. Marschall v. Bieberstein	cleaned:	cleaned_index0:0
Bignone,F.	parsed:F. Bignone	cleaned:	cleaned_index0:0
Biltmore Herbarium	parsed:Biltmore Herbarium	cleaned:	cleaned_index0:0
Bollendorff,S., Dang,T.T.H., Le,N.H., Nguyen,G.D., Raab-Straube,E.v. & Truong,B.V.	parsed:S. Bollendorff<SEP>T.T.H. Dang<SEP>N.H. Le<SEP>G.D. Nguyen<SEP>Ev Raab-Straube<SEP>B.V. Truong	cleaned:S. Bollendorff<SEP>T.T.H. Dang<SEP><SEP>G.D. Nguyen<SEP>Ev Raab-Straube<SEP>B.V. Truong	cleaned_index0:2
Bowie,F.G. Rev.	parsed:	cleaned:	cleaned_index0:0
"Braun (""de Bayreuth"")"	parsed:	cleaned:	cleaned_index0:0
Bureau,L.E.	parsed:L.E. Bureau	cleaned:	cleaned_index0:0
Bureau,Émil	parsed:Émil Bureau	cleaned:	cleaned_index0:0
Burkart A., Troncoso,N.S., Guaglianone,E.R., Rotman,A., Botta,S. & Buck,H.	parsed:A. Burkart<SEP>N.S. Troncoso<SEP>E.R. Guaglianone<SEP>A. Rotman<SEP>S. Botta<SEP>H. Buck	cleaned:A. Burkart<SEP>N.S. Troncoso<SEP><SEP>A. Rotman<SEP>S. Botta<SEP>H. Buck	cleaned_index0:2
Chavez de,L.	parsed:	cleaned:	cleaned_index0:0
Chingai-Tibetan Complex Exp. (no. 75-5701)	parsed:	cleaned:	cleaned_index0:0
Chrismar von	parsed:Chrismar von	cleaned:	cleaned_index0:0
Christenhusz M.J.M., Cárdenas-Ramires,GG &.Vasquez-Pined,J.	parsed:	cleaned:	cleaned_index0:0
Clare,Sister Mary	parsed:	cleaned:	cleaned_index0:0
Classe,P. & Gebauer,R.	parsed:P. Classe<SEP>R. Gebauer	cleaned:<SEP>R. Gebauer	cleaned_index0:0
Classen,G.	parsed:G. Classen	cleaned:	cleaned_index0:0
Claßen,R. & Hagemann,I.	parsed:R. Claßen<SEP>I. Hagemann	cleaned:<SEP>I. Hagemann	cleaned_index0:0
"Clemens, M.S. (no. ""K"")"	parsed:	cleaned:	cleaned_index0:0
"Clemens, M.S. (no. ""W"")"	parsed:	cleaned:	cleaned_index0:0
Clemente Bro.	parsed:	cleaned:	cleaned_index0:0
Companyo,J.B.L.	parsed:J.B.L. Companyo	cleaned:	cleaned_index0:0
Cornell Tropical Botany Field Trip (no. 13)	parsed:Cornell Tropical Botany Field Trip	cleaned:	cleaned_index0:0
Crivitz von	parsed:Crivitz von	cleaned:	cleaned_index0:0
Deiß,Dr.	parsed:	cleaned:	cleaned_index0:0
Desconocido	parsed:Desconocido	cleaned:	cleaned_index0:0
Diez,E. & Pastor & Silvestre	parsed:	cleaned:	cleaned_index0:0
Dos...	parsed:Dos	cleaned:	cleaned_index0:0
Drude & unclear	parsed:Drude<SEP>unclear	cleaned:Drude<SEP>	cleaned_index0:1
Duclair	parsed:Duclair	cleaned:	cleaned_index0:0
Duffour,Ch. & Ozanon, Ch.	parsed:Ch Duffour<SEP>Ch. Ozanon	cleaned:Ch Duffour<SEP>	cleaned_index0:1
Dumont d'Urville,J.S.C.	parsed:	cleaned:	cleaned_index0:0
Duwe,V., Lakmann,Dr. & Wanke,R.	parsed:	cleaned:	cleaned_index0:0
Elias Bro.	parsed:	cleaned:	cleaned_index0:0
Espirito Santo Explorações Botanicas (no. 3530)	parsed:Espirito Santo Explorações Botanicas	cleaned:	cleaned_index0:0
Espirito santo exploracoes botanicas (no. 3115)	parsed:Espirito santo exploracoes botanicas	cleaned:	cleaned_index0:0
Exkursionsteilnehmer	parsed:Exkursionsteilnehmer	cleaned:	cleaned_index0:0
Exped. Gansu et Qinghai Acad. Sin. (no. 1029)	parsed:Exped. Gansu<SEP>Qinghai Acad Sin	cleaned:<SEP>Qinghai Acad Sin	cleaned_index0:0
Farmer Braun	parsed:Farmer Braun	cleaned:	cleaned_index0:0
Flatt de,C.	parsed:	cleaned:	cleaned_index0:0
Forsyth Jr., W.	parsed:	cleaned:	cleaned_index0:0
Fries,Theodor (Thore) Magnus & & al.	parsed:Theodor Magnus Fries<SEP>Al	cleaned:<SEP>Al	cleaned_index0:0
Gabrielian,E.Tz., Hein,P. & Raab-Straube,E. von	parsed:Evon Gabrielian<SEP>Hein Tz.<SEP>P.<SEP>E. Raab-Straube	cleaned:Evon Gabrielian<SEP><SEP>P.<SEP>E. Raab-Straube	cleaned_index0:1
Galán,P. & Montenegro,S.M.	parsed:	cleaned:	cleaned_index0:0
Gambia, A.	parsed:	cleaned:	cleaned_index0:0
Gi	parsed:	cleaned:	cleaned_index0:0
Glenie, Rev. S. Owen	parsed:	cleaned:	cleaned_index0:0
Goetzen Graf von & Maire,C.	parsed:Goetzen Graf von<SEP>C. Maire	cleaned:<SEP>C. Maire	cleaned_index0:0
Government Botanist, Melbourne	parsed:Government Botanist<SEP>Melbourne	cleaned:<SEP>Melbourne	cleaned_index0:0
Granville de,J.-J.	parsed:	cleaned:	cleaned_index0:0
Granville de,J.-J., Berg,C.C., Jansen-Jacobs,M.J. & van Setten,A.K.	parsed:	cleaned:	cleaned_index0:0
Granville de,J.-J., Crozier,F. & Sarthou,C.	parsed:	cleaned:	cleaned_index0:0
Grupo Ecológico Cantón La Bermuda	parsed:Grupo Ecológico Cantón La	cleaned:	cleaned_index0:0
Guaglianone,E.R. & Múlgura,M.E.	parsed:E.R. Guaglianone<SEP>M.E. Múlgura	cleaned:<SEP>M.E. Múlgura	cleaned_index0:0
Güldenstädt von	parsed:Güldenstädt von	cleaned:	cleaned_index0:0
H u. S	parsed:H u. S	cleaned:	cleaned_index0:0
H. d. D. T.	parsed:H. d. D. T.	cleaned:	cleaned_index0:0
HBC	parsed:	cleaned:	cleaned_index0:0
Hagemann,I. & Claßen,R.	parsed:I. Hagemann<SEP>R. Claßen	cleaned:I. Hagemann<SEP>	cleaned_index0:1
Hammel,B., Chatrou,L., Pérez,I., Poel van de,J. & Wilschut,R.	parsed:B. Hammel<SEP>L. Chatrou<SEP>I. Pérez<SEP>J. Poel van de<SEP>R. Wilschut	cleaned:B. Hammel<SEP>L. Chatrou<SEP>I. Pérez<SEP><SEP>R. Wilschut	cleaned_index0:3
Hand,R. & GEFD-Exkursion	parsed:R. Hand<SEP>GEFD-Exkursion	cleaned:R. Hand<SEP>	cleaned_index0:1
Hayek,A. von & Hayek,F.A. von	parsed:Avon Hayek<SEP>von<SEP>F.A. Hayek	cleaned:Avon Hayek<SEP><SEP>F.A. Hayek	cleaned_index0:1
Heldreich De	parsed:Heldreich De	cleaned:	cleaned_index0:0
Heldreich De & Halácsy,E. von	parsed:von Heldreich<SEP>De<SEP>E. Halácsy	cleaned:von Heldreich<SEP><SEP>E. Halácsy	cleaned_index0:1
Heldreich,T.H.H. von & Halácsy,E. von	parsed:THHvon Heldreich<SEP>von<SEP>E. Halácsy	cleaned:THHvon Heldreich<SEP><SEP>E. Halácsy	cleaned_index0:1
Herbarium Zuccarinii.	parsed:Herbarium Zuccarinii.	cleaned:	cleaned_index0:0
Hinkley,F.E. & Mrs. Hinkley,F.E.	parsed:	cleaned:	cleaned_index0:0
Hioram, Bro.	parsed:	cleaned:	cleaned_index0:0
Hu	parsed:	cleaned:	cleaned_index0:0
I. B.	parsed:I. B.	cleaned:	cleaned_index0:0
Illegible	parsed:	cleaned:	cleaned_index0:0
Ireland, H.	parsed:	cleaned:	cleaned_index0:0
Ireland,R.R.	parsed:	cleaned:	cleaned_index0:0
Irwin,H.S., Grear Jr.,J.W., Souza,R. & Reis do Santos,R.	parsed:	cleaned:	cleaned_index0:0
Irwin,H.S., Grear Jr.,J.W., Souza,R. & Reis dos Santos,R.	parsed:	cleaned:	cleaned_index0:0
Irwin,H.S., Souza,R., Grear Jr.,J.W. & Reis dos Santos,R.	parsed:	cleaned:	cleaned_index0:0
Jardin,D.E.S.A.	parsed:D.E.S.A. Jardin	cleaned:	cleaned_index0:0
Jiménez,F. & Zanoni,T.	parsed:F. Jiménez<SEP>T. Zanoni	cleaned:F. Jiménez<SEP>	cleaned_index0:1
Jiménez,F., Zanoni,T. & García,R.	parsed:F. Jiménez<SEP>T. Zanoni<SEP>R. García	cleaned:F. Jiménez<SEP><SEP>R. García	cleaned_index0:1
Kvist,L.P., Londono,X., Steele,.C.O. & Tiwaris,S.	parsed:	cleaned:	cleaned_index0:0
L. B.	parsed:L. B.	cleaned:	cleaned_index0:0
Leeuwen van	parsed:Leeuwen van	cleaned:	cleaned_index0:0
Linstow von	parsed:Linstow von	cleaned:	cleaned_index0:0
Long jr.,W.H.	parsed:	cleaned:	cleaned_index0:0
Marcailhou d'Ayméric,A.L.M.	parsed:	cleaned:	cleaned_index0:0
Marck,J.W.C.T., von der	parsed:J.W.C.T. Marck<SEP>von der	cleaned:J.W.C.T. Marck<SEP>	cleaned_index0:1
Martins Père	parsed:	cleaned:	cleaned_index0:0
Martius. C.F.P. von (no. Herb. Fl. Bras. 483)	parsed:Martius. C.F.P. von	cleaned:	cleaned_index0:0
Mejía,M., Ramirez,C. & Zanoni,T.	parsed:M. Mejía<SEP>C. Ramirez<SEP>T. Zanoni	cleaned:M. Mejía<SEP>C. Ramirez<SEP>	cleaned_index0:2
Mitchell's Expedition	parsed:Mitchell's Expedition	cleaned:	cleaned_index0:0
Montolivo,J.I. Abbé	parsed:	cleaned:	cleaned_index0:0
Nash III,T.H.	parsed:	cleaned:	cleaned_index0:0
Native Collector of Bot. Garden Calcutta	parsed:Native of Bot. Garden Calcutta	cleaned:	cleaned_index0:0
Native Collector of Bureau of Science Manila (no. 113)	parsed:Native of Bureau of Science Manila	cleaned:	cleaned_index0:0
Native Collectors of Bot. Garden Calcutta	parsed:Native of Bot. Garden Calcutta	cleaned:	cleaned_index0:0
Native Collectors of Bot. Garden, Calcutta.	parsed:Native of Bot. Garden<SEP>Calcutta	cleaned:<SEP>Calcutta	cleaned_index0:0
Nelson,J.B. & Poindexter,D.B.	parsed:J.B. Nelson<SEP>D.B. Poindexter	cleaned:J.B. Nelson<SEP>	cleaned_index0:1
Nicholles,Sir H.H.A.	parsed:	cleaned:	cleaned_index0:0
Norris,W. Sir	parsed:	cleaned:	cleaned_index0:0
Ozanon, H.C. (no. 312)	parsed:H.C. Ozanon	cleaned:	cleaned_index0:0
Ozanon, H.C. (no. 313)	parsed:H.C. Ozanon	cleaned:	cleaned_index0:0
Ozanon, H.C. (no. 344)	parsed:H.C. Ozanon	cleaned:	cleaned_index0:0
Ozanon, H.C. (no. 924)	parsed:H.C. Ozanon	cleaned:	cleaned_index0:0
Ozanon,C.	parsed:C. Ozanon	cleaned:	cleaned_index0:0
Parolly,G., Korotkova,N,, Raab-Straube,E. von & Shilnikov,D.S.	parsed:	cleaned:	cleaned_index0:0
Patella,Dr.	parsed:	cleaned:	cleaned_index0:0
Pond, Dr.	parsed:	cleaned:	cleaned_index0:0
Prittwitz von	parsed:Prittwitz von	cleaned:	cleaned_index0:0
Qinghai-Gansu Expedition (no. 1003)	parsed:Qinghai-Gansu Expedition	cleaned:	cleaned_index0:0
Qinghai-Xizang Expedition (no. 73-1283)	parsed:Qinghai-Xizang Expedition	cleaned:	cleaned_index0:0
Raadts,E. & Classen,G.	parsed:E. Raadts<SEP>G. Classen	cleaned:E. Raadts<SEP>	cleaned_index0:1
Ramírez P.,B.R. & Montenegro,F.	parsed:	cleaned:	cleaned_index0:0
Reporter on Economic Products to the Government of India (no. 11875)	parsed:	cleaned:	cleaned_index0:0
Reuss,A.E.R. von & Reuss,A.L. von	parsed:AERvon Reuss<SEP>von<SEP>A.L. Reuss	cleaned:AERvon Reuss<SEP><SEP>A.L. Reuss	cleaned_index0:1
Reuss,August Leopold von & Reuss,A.L. von	parsed:von August Reuss<SEP>Leopold von<SEP>A.L. Reuss	cleaned:von August Reuss<SEP><SEP>A.L. Reuss	cleaned_index0:1
Rosenstock, Filices Austro-Brasil. Exsiccati (no. 140)	parsed:Filices Austro-Brasil. Exsiccati Rosenstock	cleaned:	cleaned_index0:0
Rosenstock, Filices Austro-Brasil. Exsiccati (no. 141)	parsed:Filices Austro-Brasil. Exsiccati Rosenstock	cleaned:	cleaned_index0:0
Rosthorn von	parsed:Rosthorn von	cleaned:	cleaned_index0:0
Rudolph,Bro.	parsed:	cleaned:	cleaned_index0:0
Saer d'Heguert, J. (no. 480)	parsed:	cleaned:	cleaned_index0:0
Saer d'Heguert, J. (no. 75)	parsed:	cleaned:	cleaned_index0:0
Saer d'Héguert, J. (no. 624)	parsed:	cleaned:	cleaned_index0:0
Schube,Theodor	parsed:Theodor Schube	cleaned:	cleaned_index0:0
Schultz 'Bipontinus', C.H. (no. 106)	parsed:	cleaned:	cleaned_index0:0
Schultz 'Bipontinus', C.H. (no. 110)	parsed:	cleaned:	cleaned_index0:0
Schultz 'Bipontinus', C.H. (no. 112)	parsed:	cleaned:	cleaned_index0:0
Schultz 'Bipontinus', C.H. (no. 177)	parsed:	cleaned:	cleaned_index0:0
Schulz,R.Schulz,&.O.	parsed:	cleaned:	cleaned_index0:0
Senoner,A.	parsed:A. Senoner	cleaned:	cleaned_index0:0
Service Forestier du Cameroon	parsed:Service Forestier du	cleaned:	cleaned_index0:0
Stafford,D.	parsed:D. Stafford	cleaned:	cleaned_index0:0
Strauss,Theodor	parsed:Theodor Strauss	cleaned:	cleaned_index0:0
String,M.T.	parsed:	cleaned:	cleaned_index0:0
Takhtajan  [Թախտաջյան; ტახტაჯიანი; Тахтаджян]	parsed:	cleaned:	cleaned_index0:0
Takhtajan,A.  [Թախտաջյան,Ա.; ტახტაჯიანი‏,ა; Тахтаджян,А.]	parsed:	cleaned:	cleaned_index0:0
Theel	parsed:Theel	cleaned:	cleaned_index0:0
Theile	parsed:Theile	cleaned:	cleaned_index0:0
Theiler	parsed:Theiler	cleaned:	cleaned_index0:0
Therese (Prinzessin von Bayern)	parsed:Therese	cleaned:	cleaned_index0:0
Therese (Prinzessin von Bayern) (no. 10 a)	parsed:Therese	cleaned:	cleaned_index0:0
Therese (Prinzessin von Bayern) (no. 10 b)	parsed:Therese	cleaned:	cleaned_index0:0
Therese (Prinzessin von Bayern) (no. 137 b)	parsed:Therese	cleaned:	cleaned_index0:0
Therese (Prinzessin von Bayern) (no. 148)	parsed:Therese	cleaned:	cleaned_index0:0
Therese (Prinzessin von Bayern) (no. 149)	parsed:Therese	cleaned:	cleaned_index0:0
Therese (Prinzessin von Bayern) (no. 190)	parsed:Therese	cleaned:	cleaned_index0:0
Therese (Prinzessin von Bayern) (no. 244)	parsed:Therese	cleaned:	cleaned_index0:0
Therese (Prinzessin von Bayern) (no. 247)	parsed:Therese	cleaned:	cleaned_index0:0
Therese (Prinzessin von Bayern) (no. 261)	parsed:Therese	cleaned:	cleaned_index0:0
Therese (Prinzessin von Bayern) (no. 268)	parsed:Therese	cleaned:	cleaned_index0:0
Therese (Prinzessin von Bayern) (no. 292)	parsed:Therese	cleaned:	cleaned_index0:0
Therese (Prinzessin von Bayern) (no. 356)	parsed:Therese	cleaned:	cleaned_index0:0
Therese (Prinzessin von Bayern) (no. 360)	parsed:Therese	cleaned:	cleaned_index0:0
Therese (Prinzessin von Bayern) (no. 367)	parsed:Therese	cleaned:	cleaned_index0:0
Therese (Prinzessin von Bayern) (no. 410)	parsed:Therese	cleaned:	cleaned_index0:0
Therese (Prinzessin von Bayern) (no. 55)	parsed:Therese	cleaned:	cleaned_index0:0
Therese (Prinzessin von Bayern) (no. 77)	parsed:Therese	cleaned:	cleaned_index0:0
Therese (Prinzessin von Bayern) (no. 88)	parsed:Therese	cleaned:	cleaned_index0:0
Therese (Prinzessin von Bayern) (no. 9 a)	parsed:Therese	cleaned:	cleaned_index0:0
Therese (Prinzessin von Bayern) (no. 9 b)	parsed:Therese	cleaned:	cleaned_index0:0
Therese von Bayern (no. 285)	parsed:Therese von Bayern	cleaned:	cleaned_index0:0
Therese von Bayern (no. 287)	parsed:Therese von Bayern	cleaned:	cleaned_index0:0
Thering von	parsed:Thering von	cleaned:	cleaned_index0:0
Theusch	parsed:Theusch	cleaned:	cleaned_index0:0
Theusz	parsed:Theusz	cleaned:	cleaned_index0:0
Theusz (no. 517)	parsed:Theusz	cleaned:	cleaned_index0:0
Thevenon	parsed:Thevenon	cleaned:	cleaned_index0:0
Toward	parsed:Toward	cleaned:	cleaned_index0:0
Unclear collector	parsed:Unclear	cleaned:	cleaned_index0:0
United States South Pacific Exploring Expedition under Captain Wilkes	parsed:South Pacific Exploring Expedition under Captain Wilkes	cleaned:	cleaned_index0:0
Valdes,B., Vogt,R., Jury,S.L., Rejdali,M., Achhal Al Kadmiri,A., Peccenini,S., Conti,F., Rico,E., Lisci,M., 't Hart,H., Oberprieler & al.	parsed:	cleaned:	cleaned_index0:0
Valdés,B., Vogt,R., Jury,S.L., Rejdali,M., Achhal Al Kadmiri,A., Peccenini,S., Conti,F., Rico,E., Lisci,M., 't Hart,H., Oberprieler & al.	parsed:	cleaned:	cleaned_index0:0
Valdés,B., Vogt,R., Jury,S.L., Rejdali,M., Achhal Al Kadmiri,A., Peccenini,S., Conti,F., Rico,E., Lisci,M., 't Hart,H., Oberprieler,C., Raimondo,F.M., Mazzola,P., Wilson,R. & Stark,G.	parsed:	cleaned:	cleaned_index0:0
Vicioso & unclear	parsed:Vicioso<SEP>unclear	cleaned:Vicioso<SEP>	cleaned_index0:1
Virlet d'Aoust,M.	parsed:	cleaned:	cleaned_index0:0
"Weber, C.M. (no. ""A"")"	parsed:	cleaned:	cleaned_index0:0
Wilbur,R.L., Dunn,E.L., He spenheide,H.A. & W iseman,D.R.	parsed:	cleaned:	cleaned_index0:0
Wilde de & Wilde-Duyfjes	parsed:Wilde de<SEP>Wilde-Duyfjes	cleaned:<SEP>Wilde-Duyfjes	cleaned_index0:0
Wilde de & Wilde-Duyfjes de	parsed:Wilde de<SEP>Wilde-Duyfjes	cleaned:<SEP>Wilde-Duyfjes	cleaned_index0:0
Wilde de & Wilde-Duyfjes,B.E.E. de	parsed:Wilde de<SEP>B.E.E. Wilde-Duyfjes	cleaned:<SEP>B.E.E. Wilde-Duyfjes	cleaned_index0:0
Wilkes Expedition	parsed:Wilkes Expedition	cleaned:	cleaned_index0:0
Winter de & Hardy	parsed:Winter de<SEP>Hardy	cleaned:<SEP>Hardy	cleaned_index0:0
Wiström,Johan Alfred & unclear	parsed:Johan Alfred Wiström<SEP>unclear	cleaned:Johan Alfred Wiström<SEP>	cleaned_index0:1
Wiśniewski, T.	parsed:	cleaned:	cleaned_index0:0
Wolf,J. & Chanona,F.	parsed:J. Wolf<SEP>F. Chanona	cleaned:J. Wolf<SEP>	cleaned_index0:1
Wolf,Theodor	parsed:Theodor Wolf	cleaned:	cleaned_index0:0
Wray Jr., J. (no. 885)	parsed:	cleaned:	cleaned_index0:0
Wray Jr., L. (no. 2483)	parsed:	cleaned:	cleaned_index0:0
Wray Jr., L. (no. 2879)	parsed:	cleaned:	cleaned_index0:0
Wray Jr., L. (no. 3642)	parsed:	cleaned:	cleaned_index0:0
Zanoni T., Mejía,M. & García,R.	parsed:Zanoni T.<SEP>M. Mejía<SEP>R. García	cleaned:<SEP>M. Mejía<SEP>R. García	cleaned_index0:0
Zanoni,T. & García,R.	parsed:T. Zanoni<SEP>R. García	cleaned:<SEP>R. García	cleaned_index0:0
Zanoni,T. & Pimentel,J.	parsed:T. Zanoni<SEP>J. Pimentel	cleaned:<SEP>J. Pimentel	cleaned_index0:0
Zanoni,T., García,R., Jiménez,F., Santana,B. & Höner,D.	parsed:T. Zanoni<SEP>R. García<SEP>F. Jiménez<SEP>B. Santana<SEP>D. Höner	cleaned:<SEP>R. García<SEP>F. Jiménez<SEP>B. Santana<SEP>D. Höner	cleaned_index0:0
Zanoni,T., Mejía,M., Pimentel,J. & Mickel,J.T.	parsed:T. Zanoni<SEP>M. Mejía<SEP>J. Pimentel<SEP>J.T. Mickel	cleaned:<SEP>M. Mejía<SEP>J. Pimentel<SEP>J.T. Mickel	cleaned_index0:0
Zanoni,T., Pimentel,J. & Cabral,A.	parsed:T. Zanoni<SEP>J. Pimentel<SEP>A. Cabral	cleaned:<SEP>J. Pimentel<SEP>A. Cabral	cleaned_index0:0
Zanoni,T.A. & García,R.	parsed:T.A. Zanoni<SEP>R. García	cleaned:<SEP>R. García	cleaned_index0:0
Zanoni,T.A., Mejía,M. & García,R.	parsed:T.A. Zanoni<SEP>M. Mejía<SEP>R. García	cleaned:<SEP>M. Mejía<SEP>R. García	cleaned_index0:0
Zanoni,T.A., Pimentel Baez,J.D. & García,R.	parsed:T.A. Zanoni<SEP>J.D. Pimentel Baez<SEP>R. García	cleaned:<SEP>J.D. Pimentel Baez<SEP>R. García	cleaned_index0:0
illegible	parsed:	cleaned:	cleaned_index0:0
illegible & illegible	parsed:	cleaned:	cleaned_index0:0
illegible et al.	parsed:	cleaned:	cleaned_index0:0
illegible, Carrasco,M.A. & Velayos,M.	parsed:	cleaned:	cleaned_index0:0
unclear	parsed:unclear	cleaned:	cleaned_index0:0
unclear & Huet du Pavillon,A.	parsed:unclear<SEP>A. Huet du Pavillon	cleaned:<SEP>A. Huet du Pavillon	cleaned_index0:0
unclear & Wiepning	parsed:unclear<SEP>Wiepning	cleaned:<SEP>Wiepning	cleaned_index0:0
unclear & unclear	parsed:unclear<SEP>unclear	cleaned:<SEP>	cleaned_index0:0
unclear & unclear	parsed:unclear<SEP>unclear	cleaned:<SEP>	cleaned_index0:1
unknown	parsed:	cleaned:	cleaned_index0:0
unreadable	parsed:unreadable	cleaned:	cleaned_index0:0
Álvarez de Zayas,A., Beurton,C., Díaz,M.A., Dietrich,H., Duharte,Góngora,M.E., Gutiérrez,J., Köhler,E., Á,Leiva,Lepper,L., Rankin,R. & Sánchez,C.	parsed:A. Álvarez de Zayas<SEP>C. Beurton<SEP>M.A. Díaz<SEP>H. Dietrich<SEP>Góngora Duharte<SEP>M.E. Gutiérrez<SEP>J. Köhler<SEP>Á E.<SEP>Lepper Leiva<SEP>L. Rankin<SEP>R.<SEP>C. Sánchez	cleaned:A. Álvarez de Zayas<SEP>C. Beurton<SEP>M.A. Díaz<SEP>H. Dietrich<SEP>Góngora Duharte<SEP>M.E. Gutiérrez<SEP>J. Köhler<SEP><SEP>Lepper Leiva<SEP>L. Rankin<SEP>R.<SEP>C. Sánchez	cleaned_index0:7
